# JRE version: Java(TM) SE Runtime Environment (22.0.1+8) (build 22.0.1+8-16)
# Java VM: Java HotSpot(TM) 64-Bit Server VM (22.0.1+8-16, mixed mode, sharing, tiered, compressed oops, compressed class ptrs, g1 gc, windows-amd64)
GC Precious Log:
 CardTable entry size: 512
 Card Set container configuration: InlinePtr #cards 5 size 8 Array Of Cards #cards 12 size 40 Howl #buckets 4 coarsen threshold 1843 Howl Bitmap #cards 512 size 80 coarsen threshold 460 Card regions per heap region 1 cards per card region 2048
 CPUs: 4 total, 4 available
 Memory: 7591M
 Large Page Support: Disabled
 NUMA Support: Disabled
 Compressed Oops: Enabled (32-bit)
 Heap Region Size: 1M
 Heap Min Capacity: 8M
 Heap Initial Capacity: 120M
 Heap Max Capacity: 1898M
 Pre-touch: Disabled
 Parallel Workers: 4
 Concurrent Workers: 1
 Concurrent Refinement Workers: 4
 Periodic GC: Disabled
Heap:
 garbage-first heap   total reserved 1943552K, committed 39936K, used 16377K [0x0000000089600000, 0x0000000100000000)
  region size 1024K, 4 young (4096K), 2 survivors (2048K)
 Metaspace       used 27205K, committed 27712K, reserved 1114112K
  class space    used 3332K, committed 3584K, reserved 1048576K
GC Heap History (20 events):
Event: 3.051 GC heap before
{Heap before GC invocations=0 (full 0):
 garbage-first heap   total reserved 1943552K, committed 122880K, used 14336K [0x0000000089600000, 0x0000000100000000)
  region size 1024K, 14 young (14336K), 0 survivors (0K)
 Metaspace       used 1857K, committed 2176K, reserved 1114112K
  class space    used 185K, committed 320K, reserved 1048576K
}
Event: 3.285 GC heap after
{Heap after GC invocations=1 (full 0):
 garbage-first heap   total reserved 1943552K, committed 122880K, used 2048K [0x0000000089600000, 0x0000000100000000)
  region size 1024K, 2 young (2048K), 2 survivors (2048K)
 Metaspace       used 1857K, committed 2176K, reserved 1114112K
  class space    used 185K, committed 320K, reserved 1048576K
}
Event: 6.872 GC heap before
{Heap before GC invocations=1 (full 0):
 garbage-first heap   total reserved 1943552K, committed 122880K, used 21504K [0x0000000089600000, 0x0000000100000000)
  region size 1024K, 21 young (21504K), 2 survivors (2048K)
 Metaspace       used 4959K, committed 5248K, reserved 1114112K
  class space    used 565K, committed 704K, reserved 1048576K
}
Event: 6.882 GC heap after
{Heap after GC invocations=2 (full 0):
 garbage-first heap   total reserved 1943552K, committed 122880K, used 2983K [0x0000000089600000, 0x0000000100000000)
  region size 1024K, 1 young (1024K), 1 survivors (1024K)
 Metaspace       used 4959K, committed 5248K, reserved 1114112K
  class space    used 565K, committed 704K, reserved 1048576K
}
Event: 15.106 GC heap before
{Heap before GC invocations=2 (full 0):
 garbage-first heap   total reserved 1943552K, committed 122880K, used 74663K [0x0000000089600000, 0x0000000100000000)
  region size 1024K, 72 young (73728K), 1 survivors (1024K)
 Metaspace       used 12914K, committed 13248K, reserved 1114112K
  class space    used 1629K, committed 1792K, reserved 1048576K
}
Event: 15.124 GC heap after
{Heap after GC invocations=3 (full 0):
 garbage-first heap   total reserved 1943552K, committed 122880K, used 5973K [0x0000000089600000, 0x0000000100000000)
  region size 1024K, 4 young (4096K), 4 survivors (4096K)
 Metaspace       used 12914K, committed 13248K, reserved 1114112K
  class space    used 1629K, committed 1792K, reserved 1048576K
}
Event: 21.609 GC heap before
{Heap before GC invocations=3 (full 0):
 garbage-first heap   total reserved 1943552K, committed 122880K, used 75605K [0x0000000089600000, 0x0000000100000000)
  region size 1024K, 72 young (73728K), 4 survivors (4096K)
 Metaspace       used 20381K, committed 20800K, reserved 1114112K
  class space    used 2484K, committed 2688K, reserved 1048576K
}
Event: 21.633 GC heap after
{Heap after GC invocations=4 (full 0):
 garbage-first heap   total reserved 1943552K, committed 122880K, used 9127K [0x0000000089600000, 0x0000000100000000)
  region size 1024K, 7 young (7168K), 7 survivors (7168K)
 Metaspace       used 20381K, committed 20800K, reserved 1114112K
  class space    used 2484K, committed 2688K, reserved 1048576K
}
Event: 22.254 GC heap before
{Heap before GC invocations=4 (full 0):
 garbage-first heap   total reserved 1943552K, committed 122880K, used 13223K [0x0000000089600000, 0x0000000100000000)
  region size 1024K, 12 young (12288K), 7 survivors (7168K)
 Metaspace       used 21087K, committed 21504K, reserved 1114112K
  class space    used 2551K, committed 2752K, reserved 1048576K
}
Event: 22.273 GC heap after
{Heap after GC invocations=5 (full 0):
 garbage-first heap   total reserved 1943552K, committed 122880K, used 9113K [0x0000000089600000, 0x0000000100000000)
  region size 1024K, 4 young (4096K), 4 survivors (4096K)
 Metaspace       used 21087K, committed 21504K, reserved 1114112K
  class space    used 2551K, committed 2752K, reserved 1048576K
}
Event: 23.739 GC heap before
{Heap before GC invocations=6 (full 0):
 garbage-first heap   total reserved 1943552K, committed 34816K, used 33689K [0x0000000089600000, 0x0000000100000000)
  region size 1024K, 28 young (28672K), 4 survivors (4096K)
 Metaspace       used 22090K, committed 22464K, reserved 1114112K
  class space    used 2663K, committed 2816K, reserved 1048576K
}
Event: 23.756 GC heap after
{Heap after GC invocations=7 (full 0):
 garbage-first heap   total reserved 1943552K, committed 39936K, used 10649K [0x0000000089600000, 0x0000000100000000)
  region size 1024K, 5 young (5120K), 5 survivors (5120K)
 Metaspace       used 22090K, committed 22464K, reserved 1114112K
  class space    used 2663K, committed 2816K, reserved 1048576K
}
Event: 23.946 GC heap before
{Heap before GC invocations=7 (full 0):
 garbage-first heap   total reserved 1943552K, committed 39936K, used 29081K [0x0000000089600000, 0x0000000100000000)
  region size 1024K, 23 young (23552K), 5 survivors (5120K)
 Metaspace       used 22090K, committed 22464K, reserved 1114112K
  class space    used 2663K, committed 2816K, reserved 1048576K
}
Event: 23.960 GC heap after
{Heap after GC invocations=8 (full 0):
 garbage-first heap   total reserved 1943552K, committed 39936K, used 11407K [0x0000000089600000, 0x0000000100000000)
  region size 1024K, 1 young (1024K), 1 survivors (1024K)
 Metaspace       used 22090K, committed 22464K, reserved 1114112K
  class space    used 2663K, committed 2816K, reserved 1048576K
}
Event: 25.361 GC heap before
{Heap before GC invocations=8 (full 0):
 garbage-first heap   total reserved 1943552K, committed 39936K, used 32911K [0x0000000089600000, 0x0000000100000000)
  region size 1024K, 23 young (23552K), 1 survivors (1024K)
 Metaspace       used 24818K, committed 25216K, reserved 1114112K
  class space    used 3012K, committed 3200K, reserved 1048576K
}
Event: 25.366 GC heap after
{Heap after GC invocations=9 (full 0):
 garbage-first heap   total reserved 1943552K, committed 39936K, used 11697K [0x0000000089600000, 0x0000000100000000)
  region size 1024K, 2 young (2048K), 2 survivors (2048K)
 Metaspace       used 24818K, committed 25216K, reserved 1114112K
  class space    used 3012K, committed 3200K, reserved 1048576K
}
Event: 26.991 GC heap before
{Heap before GC invocations=9 (full 0):
 garbage-first heap   total reserved 1943552K, committed 39936K, used 33201K [0x0000000089600000, 0x0000000100000000)
  region size 1024K, 23 young (23552K), 2 survivors (2048K)
 Metaspace       used 25939K, committed 26368K, reserved 1114112K
  class space    used 3136K, committed 3328K, reserved 1048576K
}
Event: 26.997 GC heap after
{Heap after GC invocations=10 (full 0):
 garbage-first heap   total reserved 1943552K, committed 39936K, used 13672K [0x0000000089600000, 0x0000000100000000)
  region size 1024K, 3 young (3072K), 3 survivors (3072K)
 Metaspace       used 25939K, committed 26368K, reserved 1114112K
  class space    used 3136K, committed 3328K, reserved 1048576K
}
Event: 28.606 GC heap before
{Heap before GC invocations=10 (full 0):
 garbage-first heap   total reserved 1943552K, committed 39936K, used 33128K [0x0000000089600000, 0x0000000100000000)
  region size 1024K, 22 young (22528K), 3 survivors (3072K)
 Metaspace       used 26819K, committed 27264K, reserved 1114112K
  class space    used 3267K, committed 3456K, reserved 1048576K
}
Event: 28.615 GC heap after
{Heap after GC invocations=11 (full 0):
 garbage-first heap   total reserved 1943552K, committed 39936K, used 15353K [0x0000000089600000, 0x0000000100000000)
  region size 1024K, 2 young (2048K), 2 survivors (2048K)
 Metaspace       used 26819K, committed 27264K, reserved 1114112K
  class space    used 3267K, committed 3456K, reserved 1048576K
}

